<?xml version="1.0" encoding="UTF-8"?>
<!-- Generated by org.testng.reporters.JUnitXMLReporter -->
<testsuite ignored="0" hostname="DM-LT15" failures="0" tests="57" name="Iteration1" time="627.112" errors="0" timestamp="2023-05-11T14:02:07 IST">
  <testcase classname="com.SupplierBackEnd.TestClassSupplier" name="LoginwithEmptyEmailId" time="5.738"/>
  <testcase classname="com.SupplierBackEnd.TestClassSupplier" name="loginwithInvalidEmailId" time="4.172"/>
  <testcase classname="com.SupplierBackEnd.TestClassSupplier" name="loginwithEmptyPassword" time="4.123"/>
  <testcase classname="com.SupplierBackEnd.TestClassSupplier" name="loginwithInvalidPassword" time="4.012"/>
  <testcase classname="com.SupplierBackEnd.TestClassSupplier" name="loginwithInvalidEmailandPassword" time="4.029"/>
  <testcase classname="com.SupplierBackEnd.TestClassSupplier" name="loginwithEmptyEmailandPassword" time="4.512"/>
  <testcase classname="com.SupplierBackEnd.TestClassSupplier" name="loginverification" time="7.037"/>
  <testcase classname="com.SupplierBackEnd.TestClassSupplier" name="CheckSalesOverviewandSummaryText" time="0.12"/>
  <testcase classname="com.SupplierBackEnd.TestClassSupplier" name="CheckRevenueBreakdownSession" time="0.09"/>
  <testcase classname="com.SupplierBackEnd.TestClassSupplier" name="ChangeBookingStatus" time="22.668"/>
  <testcase classname="com.SupplierBackEnd.TestClassSupplier" name="VerifyToursLinks" time="15.485"/>
  <testcase classname="com.SupplierBackEnd.TestClassSupplier" name="Logout" time="13.693"/>
  <testcase classname="com.AdminBackEnd.TestClassAdmin" name="LoginwithEmptyEmailId" time="9.927"/>
  <testcase classname="com.AdminBackEnd.TestClassAdmin" name="loginwithInvalidEmailId" time="13.096"/>
  <testcase classname="com.AdminBackEnd.TestClassAdmin" name="loginwithEmptyPassword" time="13.113"/>
  <testcase classname="com.AdminBackEnd.TestClassAdmin" name="loginwithInvalidPassword" time="13.095"/>
  <testcase classname="com.AdminBackEnd.TestClassAdmin" name="loginwithInvalidEmailandPassword" time="13.156"/>
  <testcase classname="com.AdminBackEnd.TestClassAdmin" name="loginwithEmptyEmailandPassword" time="12.954"/>
  <testcase classname="com.AdminBackEnd.TestClassAdmin" name="loginverification" time="24.312"/>
  <testcase classname="com.AdminBackEnd.TestClassAdmin" name="VerifybookingsLink" time="6.91"/>
  <testcase classname="com.AdminBackEnd.TestClassAdmin" name="ViewInvoice" time="11.972"/>
  <testcase classname="com.AdminBackEnd.TestClassAdmin" name="DeleteCancelledBooking" time="17.624"/>
  <testcase classname="com.AdminBackEnd.TestClassAdmin" name="ChangeBookingStatus" time="21.135"/>
  <testcase classname="com.AdminBackEnd.TestClassAdmin" name="Logout" time="23.763"/>
  <testcase classname="com.AgentFrontEnd.TestClassAgent" name="LoginwithEmptyEmailId" time="9.899"/>
  <testcase classname="com.AgentFrontEnd.TestClassAgent" name="loginwithInvalidEmailId" time="17.354"/>
  <testcase classname="com.AgentFrontEnd.TestClassAgent" name="loginwithEmptyPassword" time="12.599"/>
  <testcase classname="com.AgentFrontEnd.TestClassAgent" name="loginwithInvalidPassword" time="17.407"/>
  <testcase classname="com.AgentFrontEnd.TestClassAgent" name="loginwithInvalidEmailandPassword" time="16.912"/>
  <testcase classname="com.AgentFrontEnd.TestClassAgent" name="loginwithEmptyEmailandPassword" time="12.563"/>
  <testcase classname="com.AgentFrontEnd.TestClassAgent" name="loginverification" time="17.07"/>
  <testcase classname="com.AgentFrontEnd.TestClassAgent" name="VerifyMybookingsLink" time="5.615"/>
  <testcase classname="com.AgentFrontEnd.TestClassAgent" name="ViewVoucher" time="7.526"/>
  <testcase classname="com.AgentFrontEnd.TestClassAgent" name="AddFundsLinks" time="6.252"/>
  <testcase classname="com.AgentFrontEnd.TestClassAgent" name="MyProfileLinks" time="6.867"/>
  <testcase classname="com.AgentFrontEnd.TestClassAgent" name="SearchHotelwithInvalidCityName" time="13.708"/>
  <testcase classname="com.AgentFrontEnd.TestClassAgent" name="SearchHotelwithValidCityName" time="24.78"/>
  <testcase classname="com.AgentFrontEnd.TestClassAgent" name="CheckHomePagelink" time="7.372"/>
  <testcase classname="com.AgentFrontEnd.TestClassAgent" name="CheckFlightPagelink" time="5.049"/>
  <testcase classname="com.AgentFrontEnd.TestClassAgent" name="CheckToursPagelink" time="5.969"/>
  <testcase classname="com.AgentFrontEnd.TestClassAgent" name="CheckVisaPagelink" time="5.607"/>
  <testcase classname="com.AgentFrontEnd.TestClassAgent" name="CheckBlogPagelink" time="6.992"/>
  <testcase classname="com.AgentFrontEnd.TestClassAgent" name="CheckOffersPagelink" time="6.419"/>
  <testcase classname="com.AgentFrontEnd.TestClassAgent" name="ChangeCurrencyTypetoINR" time="13.494"/>
  <testcase classname="com.AgentFrontEnd.TestClassAgent" name="Logout" time="6.558"/>
  <testcase classname="com.CustomerFrontEnd.TestClassCustomer" name="LoginwithEmptyEmailId" time="2.49"/>
  <testcase classname="com.CustomerFrontEnd.TestClassCustomer" name="loginwithInvalidEmailId" time="8.106"/>
  <testcase classname="com.CustomerFrontEnd.TestClassCustomer" name="loginwithEmptyPassword" time="3.022"/>
  <testcase classname="com.CustomerFrontEnd.TestClassCustomer" name="loginwithInvalidPassword" time="7.393"/>
  <testcase classname="com.CustomerFrontEnd.TestClassCustomer" name="loginwithInvalidEmailandPassword" time="7.355"/>
  <testcase classname="com.CustomerFrontEnd.TestClassCustomer" name="loginwithEmptyEmailandPassword" time="2.726"/>
  <testcase classname="com.CustomerFrontEnd.TestClassCustomer" name="loginverification" time="7.365"/>
  <testcase classname="com.CustomerFrontEnd.TestClassCustomer" name="VerifyMybookingsLink" time="5.546"/>
  <testcase classname="com.CustomerFrontEnd.TestClassCustomer" name="ViewVoucher" time="7.565"/>
  <testcase classname="com.CustomerFrontEnd.TestClassCustomer" name="AddFunds" time="21.593"/>
  <testcase classname="com.CustomerFrontEnd.TestClassCustomer" name="UpdateAddress" time="17.258"/>
  <testcase classname="com.CustomerFrontEnd.TestClassCustomer" name="Logout" time="7.097"/>
</testsuite> <!-- Iteration1 -->
